platanus_allee version: 2.0.2
./platanus_allee assemble -t 70 -m 352 -f ../P_cali_g_1.fq.trimmed ../P_cali_g_2.fq.trimmed 

K = 32, saving kmers from reads...
AVE_READ_LEN=142.65

KMER_EXTENSION:
K=32, KMER_COVERAGE=89.9424 (>= 6), COVERAGE_CUTOFF=6
K=52, KMER_COVERAGE=73.8309, COVERAGE_CUTOFF=6, PROB_SPLIT=10e-inf
K=72, KMER_COVERAGE=57.7195, COVERAGE_CUTOFF=6, PROB_SPLIT=10e-inf
K=92, KMER_COVERAGE=41.608, COVERAGE_CUTOFF=6, PROB_SPLIT=10e-10.6771
K=107, KMER_COVERAGE=29.5244, COVERAGE_CUTOFF=2, PROB_SPLIT=10e-10.1335
K=109, KMER_COVERAGE=27.9132, COVERAGE_CUTOFF=2, PROB_SPLIT=10e-10.1843
K=110, KMER_COVERAGE=27.1077, COVERAGE_CUTOFF=2, PROB_SPLIT=10e-10.0229
loading kmers...
connecting kmers...
removing branches...
BRANCH_DELETE_THRESHOLD=0.5
NUM_CUT=298589
NUM_CUT=3194
NUM_CUT=21
NUM_CUT=0
TOTAL_NUM_CUT=301804
extracting reads (containing kmer used in contig assemble)...
K = 52, loading kmers from contigs...
K = 52, saving additional kmers(not found in contigs) from reads...
COVERAGE_CUTOFF = 6
loading kmers...
connecting kmers...
removing branches...
BRANCH_DELETE_THRESHOLD=0.5
NUM_CUT=224782
NUM_CUT=1816
NUM_CUT=9
NUM_CUT=0
TOTAL_NUM_CUT=226607
extracting reads (containing kmer used in contig assemble)...
K = 72, loading kmers from contigs...
K = 72, saving additional kmers(not found in contigs) from reads...
COVERAGE_CUTOFF = 6
loading kmers...
connecting kmers...
removing branches...
BRANCH_DELETE_THRESHOLD=0.5
NUM_CUT=173969
NUM_CUT=1357
NUM_CUT=5
NUM_CUT=0
TOTAL_NUM_CUT=175331
extracting reads (containing kmer used in contig assemble)...
K = 92, loading kmers from contigs...
K = 92, saving additional kmers(not found in contigs) from reads...
COVERAGE_CUTOFF = 6
loading kmers...
connecting kmers...
removing branches...
BRANCH_DELETE_THRESHOLD=0.5
NUM_CUT=140667
NUM_CUT=1185
NUM_CUT=3
NUM_CUT=0
TOTAL_NUM_CUT=141855
extracting reads (containing kmer used in contig assemble)...
K = 107, loading kmers from contigs...
K = 107, saving additional kmers(not found in contigs) from reads...
COVERAGE_CUTOFF = 2
loading kmers...
connecting kmers...
removing branches...
BRANCH_DELETE_THRESHOLD=0.5
NUM_CUT=627359
NUM_CUT=6369
NUM_CUT=67
NUM_CUT=1
NUM_CUT=0
TOTAL_NUM_CUT=633796
extracting reads (containing kmer used in contig assemble)...
K = 109, loading kmers from contigs...
K = 109, saving additional kmers(not found in contigs) from reads...
COVERAGE_CUTOFF = 2
loading kmers...
connecting kmers...
removing branches...
BRANCH_DELETE_THRESHOLD=0.5
NUM_CUT=326157
NUM_CUT=1414
NUM_CUT=7
NUM_CUT=0
TOTAL_NUM_CUT=327578
extracting reads (containing kmer used in contig assemble)...
K = 110, loading kmers from contigs...
K = 110, saving additional kmers(not found in contigs) from reads...
COVERAGE_CUTOFF = 2
loading kmers...
connecting kmers...
removing branches...
BRANCH_DELETE_THRESHOLD=0.5
NUM_CUT=277550
NUM_CUT=871
NUM_CUT=1
NUM_CUT=0
TOTAL_NUM_CUT=278422
LENGTH_CUTOFF = 220
COVERAGE_CUTOFF = 3
removing erroneous nodes...
NUM_REMOVED_NODES=370283
NUM_REMOVED_NODES=11760
NUM_REMOVED_NODES=173
NUM_REMOVED_NODES=3
NUM_REMOVED_NODES=0
TOTAL_NUM_REMOVED_NODES=382219
AVE_KMER_COV_REMOVING_BUBBLE=32.9912
removing bubbles...
BUBBLE_IDENTITY_THRESHOLD=0
NUM_REMOVED_BUBBLES=0
TOTAL_NUM_REMOVED_BUBBLES=0
extracting reads (containing kmer used in contig assemble)...
K = 110, loading kmers from contigs...
K = 110, saving additional kmers(not found in contigs) from reads...
loading kmers...
connecting kmers...
assemble completed!

#### PROCESS INFORMATION ####
VmPeak:         314.208 GByte
VmHWM:           21.938 GByte
