platanus_allee version: 2.0.2
./platanus_allee consensus -t 70 -c out_primaryBubble.fa out_nonBubbleHomoCandidate.fa -IP1 ../P_cali_g_1.fq.trimmed ../P_cali_g_2.fq.trimmed 

ececuting platanus_allee solve_DBG internally ...
platanus_allee version: 2.0.2
./platanus_allee solve_DBG -unphase -IP1 ../P_cali_g_1.fq.trimmed ../P_cali_g_2.fq.trimmed -o out -t 70 -tmp . -l 3 -L 200000 -c out_primaryBubble.fa out_nonBubbleHomoCandidate.fa -s 32 64 96 

K=32, making hash table...
CONTIG_AVERAGE_COVERAGE = 94.877
[LIBRARY 1]
mapping reads...
Each dot below indicates 10M reads processed.
...........................................................
TOTAL_PAIR = 295133561
MAPPED_PAIR = 274492629 (0.930062)
AVERAGE_COVERAGE = 96.0438
estimating insert-size...
PEAK = 314
LOWER_LIMIT (permissible range to estimate AVE_INS)= 79
UPPER_LIMIT (permissible range to estimate AVE_INS)= 550
AVE_INS = 318
SD_INS = 62
[LIBRARY 1]
AVE_INS = 318, SD_INS = 62
saving overlaps... (LEN_CUTOFF=110)
destructing mapper objects...
linking scaffolds...
sorting links in contigID order...
estimating contig distances...
constructing paired de Bruijn graph
ESTIMATED_HETERO_COVERAGE = 45
linking scaffolds...
sorting links in contigID order...
estimating contig distances...
constructing paired de Bruijn graph

joining unambiguous pair of nodes in a de Bruijn graph..
linking scaffolds...
sorting links in contigID order...
estimating contig distances...
constructing paired de Bruijn graph
NUM_JOINED = 347044
linking scaffolds...
sorting links in contigID order...
estimating contig distances...
constructing paired de Bruijn graph
NUM_JOINED = 193114
linking scaffolds...
sorting links in contigID order...
estimating contig distances...
constructing paired de Bruijn graph
NUM_JOINED = 72882
linking scaffolds...
sorting links in contigID order...
estimating contig distances...
constructing paired de Bruijn graph
NUM_JOINED = 24702
linking scaffolds...
sorting links in contigID order...
estimating contig distances...
constructing paired de Bruijn graph
NUM_JOINED = 6272
linking scaffolds...
sorting links in contigID order...
estimating contig distances...
constructing paired de Bruijn graph
NUM_JOINED = 916
linking scaffolds...
sorting links in contigID order...
estimating contig distances...
constructing paired de Bruijn graph
NUM_JOINED = 52
linking scaffolds...
sorting links in contigID order...
estimating contig distances...
constructing paired de Bruijn graph
NUM_JOINED = 0
TOTAL_NUM_NODES_IN_JOINED_PAIRS =644982

estimating insert-size...
PEAK = 317
LOWER_LIMIT (permissible range to estimate AVE_INS)= 79
UPPER_LIMIT (permissible range to estimate AVE_INS)= 555
AVE_INS = 321
SD_INS = 62
[LIBRARY 1]
AVE_INS = 321, SD_INS = 62
TOLERENCE_LEVEL_OF_CONTIG_OVERLAP = 124
linking scaffolds...
sorting links in contigID order...
estimating contig distances...
constructing paired de Bruijn graph
removing edges from short nodes (LENGTH < 248) ...
TOTAL_NUM_DELETE=35548
deleting edges from repeat contigs...
scaffolding...
TOLERENCE_LEVEL_OF_CONTIG_OVERLAP = 186
linking scaffolds...
sorting links in contigID order...
estimating contig distances...
constructing paired de Bruijn graph
removing edges from short nodes (LENGTH < 372) ...
TOTAL_NUM_DELETE=32812
deleting edges from repeat contigs...
scaffolding...
dividing erroneous scaffolds...
dividing low coverage links...
NUM_DIVIDED_SWITCH_ERROR_CANDIDATES = 0
estimating insert-size...
PEAK = 318
LOWER_LIMIT (permissible range to estimate AVE_INS)= 80
UPPER_LIMIT (permissible range to estimate AVE_INS)= 557
AVE_INS = 322
SD_INS = 62
[LIBRARY 1]
AVE_INS = 322, SD_INS = 62
TOLERENCE_LEVEL_OF_CONTIG_OVERLAP = 124
linking scaffolds...
sorting links in contigID order...
estimating contig distances...
constructing paired de Bruijn graph
removing edges from short nodes (LENGTH < 248) ...
TOTAL_NUM_DELETE=85049
deleting edges from previously divided points ...
NUM_REMOVED_EDGES =0
removing erroneous edges...

NUM_REMOVED_EDGES =2696
NUM_REMOVED_EDGES =13
NUM_REMOVED_EDGES =0
TOTAL_NUM_REMOVED_EDGES =2709

deleting edges from repeat contigs...
scaffolding...
TOLERENCE_LEVEL_OF_CONTIG_OVERLAP = 186
linking scaffolds...
sorting links in contigID order...
estimating contig distances...
constructing paired de Bruijn graph
removing edges from short nodes (LENGTH < 372) ...
TOTAL_NUM_DELETE=76368
deleting edges from previously divided points ...
NUM_REMOVED_EDGES =0
removing erroneous edges...

NUM_REMOVED_EDGES =1268
NUM_REMOVED_EDGES =2
NUM_REMOVED_EDGES =0
TOTAL_NUM_REMOVED_EDGES =1270

deleting edges from repeat contigs...
scaffolding...
dividing erroneous scaffolds...
dividing low coverage links...
NUM_DIVIDED_SWITCH_ERROR_CANDIDATES = 0
linking scaffolds...
sorting links in contigID order...
estimating contig distances...
constructing paired de Bruijn graph using all libraries simultaneously
removing thin edges (NUM_LINK < 3) ...
TOTAL_NUM_DELETE=281572
removing edges from short nodes (LENGTH < 372) ...
TOTAL_NUM_DELETE=75572
deleting edges from repeat contigs...
scaffolding...
linking scaffolds...
sorting links in contigID order...
estimating contig distances...
constructing paired de Bruijn graph using all libraries simultaneously
removing thin edges (NUM_LINK < 6) ...
TOTAL_NUM_DELETE=349896
removing edges from short nodes (LENGTH < 372) ...
TOTAL_NUM_DELETE=43328
deleting edges from repeat contigs...
scaffolding...
writing scaffold files...
solve_DBG completed!

#### PROCESS INFORMATION ####
VmPeak:          44.281 GByte
VmHWM:            2.374 GByte
phase completed!

#### PROCESS INFORMATION ####
VmPeak:           0.023 GByte
VmHWM:            0.005 GByte
